<?xml version="1.0" encoding="UTF-8"?>
<testsuite xmlns:xsi="http://www.w3.org/2001/XMLSchema-instance" xsi:noNamespaceSchemaLocation="https://maven.apache.org/surefire/maven-surefire-plugin/xsd/surefire-test-report.xsd" name="com.springboot.SpringBootDemo.SpringBootDemoApplicationTests" time="2.85" tests="1" errors="0" skipped="0" failures="0">
  <properties>
    <property name="sun.desktop" value="windows"/>
    <property name="awt.toolkit" value="sun.awt.windows.WToolkit"/>
    <property name="file.encoding.pkg" value="sun.io"/>
    <property name="java.specification.version" value="1.8"/>
    <property name="sun.cpu.isalist" value="amd64"/>
    <property name="sun.jnu.encoding" value="GBK"/>
    <property name="java.class.path" value="E:\PersonalWork\SpringBootDemo\target\test-classes;E:\PersonalWork\SpringBootDemo\target\classes;F:\My_Work\apache-maven-3.3.9\mvnRepository\org\springframework\boot\spring-boot-starter\2.2.3.BUILD-SNAPSHOT\spring-boot-starter-2.2.3.BUILD-SNAPSHOT.jar;F:\My_Work\apache-maven-3.3.9\mvnRepository\org\springframework\boot\spring-boot\2.2.3.BUILD-SNAPSHOT\spring-boot-2.2.3.BUILD-SNAPSHOT.jar;F:\My_Work\apache-maven-3.3.9\mvnRepository\org\springframework\spring-context\5.2.2.RELEASE\spring-context-5.2.2.RELEASE.jar;F:\My_Work\apache-maven-3.3.9\mvnRepository\org\springframework\boot\spring-boot-autoconfigure\2.2.3.BUILD-SNAPSHOT\spring-boot-autoconfigure-2.2.3.BUILD-SNAPSHOT.jar;F:\My_Work\apache-maven-3.3.9\mvnRepository\org\springframework\boot\spring-boot-starter-logging\2.2.3.BUILD-SNAPSHOT\spring-boot-starter-logging-2.2.3.BUILD-SNAPSHOT.jar;F:\My_Work\apache-maven-3.3.9\mvnRepository\ch\qos\logback\logback-classic\1.2.3\logback-classic-1.2.3.jar;F:\My_Work\apache-maven-3.3.9\mvnRepository\ch\qos\logback\logback-core\1.2.3\logback-core-1.2.3.jar;F:\My_Work\apache-maven-3.3.9\mvnRepository\org\apache\logging\log4j\log4j-to-slf4j\2.12.1\log4j-to-slf4j-2.12.1.jar;F:\My_Work\apache-maven-3.3.9\mvnRepository\org\apache\logging\log4j\log4j-api\2.12.1\log4j-api-2.12.1.jar;F:\My_Work\apache-maven-3.3.9\mvnRepository\org\slf4j\jul-to-slf4j\1.7.29\jul-to-slf4j-1.7.29.jar;F:\My_Work\apache-maven-3.3.9\mvnRepository\jakarta\annotation\jakarta.annotation-api\1.3.5\jakarta.annotation-api-1.3.5.jar;F:\My_Work\apache-maven-3.3.9\mvnRepository\org\springframework\spring-core\5.2.2.RELEASE\spring-core-5.2.2.RELEASE.jar;F:\My_Work\apache-maven-3.3.9\mvnRepository\org\springframework\spring-jcl\5.2.2.RELEASE\spring-jcl-5.2.2.RELEASE.jar;F:\My_Work\apache-maven-3.3.9\mvnRepository\org\yaml\snakeyaml\1.25\snakeyaml-1.25.jar;F:\My_Work\apache-maven-3.3.9\mvnRepository\org\springframework\boot\spring-boot-starter-web\2.2.3.BUILD-SNAPSHOT\spring-boot-starter-web-2.2.3.BUILD-SNAPSHOT.jar;F:\My_Work\apache-maven-3.3.9\mvnRepository\org\springframework\boot\spring-boot-starter-json\2.2.3.BUILD-SNAPSHOT\spring-boot-starter-json-2.2.3.BUILD-SNAPSHOT.jar;F:\My_Work\apache-maven-3.3.9\mvnRepository\com\fasterxml\jackson\core\jackson-databind\2.10.1\jackson-databind-2.10.1.jar;F:\My_Work\apache-maven-3.3.9\mvnRepository\com\fasterxml\jackson\core\jackson-annotations\2.10.1\jackson-annotations-2.10.1.jar;F:\My_Work\apache-maven-3.3.9\mvnRepository\com\fasterxml\jackson\core\jackson-core\2.10.1\jackson-core-2.10.1.jar;F:\My_Work\apache-maven-3.3.9\mvnRepository\com\fasterxml\jackson\datatype\jackson-datatype-jdk8\2.10.1\jackson-datatype-jdk8-2.10.1.jar;F:\My_Work\apache-maven-3.3.9\mvnRepository\com\fasterxml\jackson\datatype\jackson-datatype-jsr310\2.10.1\jackson-datatype-jsr310-2.10.1.jar;F:\My_Work\apache-maven-3.3.9\mvnRepository\com\fasterxml\jackson\module\jackson-module-parameter-names\2.10.1\jackson-module-parameter-names-2.10.1.jar;F:\My_Work\apache-maven-3.3.9\mvnRepository\org\springframework\boot\spring-boot-starter-tomcat\2.2.3.BUILD-SNAPSHOT\spring-boot-starter-tomcat-2.2.3.BUILD-SNAPSHOT.jar;F:\My_Work\apache-maven-3.3.9\mvnRepository\org\apache\tomcat\embed\tomcat-embed-core\9.0.29\tomcat-embed-core-9.0.29.jar;F:\My_Work\apache-maven-3.3.9\mvnRepository\org\apache\tomcat\embed\tomcat-embed-el\9.0.29\tomcat-embed-el-9.0.29.jar;F:\My_Work\apache-maven-3.3.9\mvnRepository\org\apache\tomcat\embed\tomcat-embed-websocket\9.0.29\tomcat-embed-websocket-9.0.29.jar;F:\My_Work\apache-maven-3.3.9\mvnRepository\org\springframework\boot\spring-boot-starter-validation\2.2.3.BUILD-SNAPSHOT\spring-boot-starter-validation-2.2.3.BUILD-SNAPSHOT.jar;F:\My_Work\apache-maven-3.3.9\mvnRepository\jakarta\validation\jakarta.validation-api\2.0.1\jakarta.validation-api-2.0.1.jar;F:\My_Work\apache-maven-3.3.9\mvnRepository\org\hibernate\validator\hibernate-validator\6.0.18.Final\hibernate-validator-6.0.18.Final.jar;F:\My_Work\apache-maven-3.3.9\mvnRepository\org\jboss\logging\jboss-logging\3.4.1.Final\jboss-logging-3.4.1.Final.jar;F:\My_Work\apache-maven-3.3.9\mvnRepository\com\fasterxml\classmate\1.5.1\classmate-1.5.1.jar;F:\My_Work\apache-maven-3.3.9\mvnRepository\org\springframework\spring-web\5.2.2.RELEASE\spring-web-5.2.2.RELEASE.jar;F:\My_Work\apache-maven-3.3.9\mvnRepository\org\springframework\spring-beans\5.2.2.RELEASE\spring-beans-5.2.2.RELEASE.jar;F:\My_Work\apache-maven-3.3.9\mvnRepository\org\springframework\spring-webmvc\5.2.2.RELEASE\spring-webmvc-5.2.2.RELEASE.jar;F:\My_Work\apache-maven-3.3.9\mvnRepository\org\springframework\spring-aop\5.2.2.RELEASE\spring-aop-5.2.2.RELEASE.jar;F:\My_Work\apache-maven-3.3.9\mvnRepository\org\springframework\spring-expression\5.2.2.RELEASE\spring-expression-5.2.2.RELEASE.jar;F:\My_Work\apache-maven-3.3.9\mvnRepository\org\springframework\boot\spring-boot-starter-test\2.2.3.BUILD-SNAPSHOT\spring-boot-starter-test-2.2.3.BUILD-SNAPSHOT.jar;F:\My_Work\apache-maven-3.3.9\mvnRepository\org\springframework\boot\spring-boot-test\2.2.3.BUILD-SNAPSHOT\spring-boot-test-2.2.3.BUILD-SNAPSHOT.jar;F:\My_Work\apache-maven-3.3.9\mvnRepository\org\springframework\boot\spring-boot-test-autoconfigure\2.2.3.BUILD-SNAPSHOT\spring-boot-test-autoconfigure-2.2.3.BUILD-SNAPSHOT.jar;F:\My_Work\apache-maven-3.3.9\mvnRepository\com\jayway\jsonpath\json-path\2.4.0\json-path-2.4.0.jar;F:\My_Work\apache-maven-3.3.9\mvnRepository\net\minidev\json-smart\2.3\json-smart-2.3.jar;F:\My_Work\apache-maven-3.3.9\mvnRepository\net\minidev\accessors-smart\1.2\accessors-smart-1.2.jar;F:\My_Work\apache-maven-3.3.9\mvnRepository\org\ow2\asm\asm\5.0.4\asm-5.0.4.jar;F:\My_Work\apache-maven-3.3.9\mvnRepository\org\slf4j\slf4j-api\1.7.29\slf4j-api-1.7.29.jar;F:\My_Work\apache-maven-3.3.9\mvnRepository\jakarta\xml\bind\jakarta.xml.bind-api\2.3.2\jakarta.xml.bind-api-2.3.2.jar;F:\My_Work\apache-maven-3.3.9\mvnRepository\jakarta\activation\jakarta.activation-api\1.2.1\jakarta.activation-api-1.2.1.jar;F:\My_Work\apache-maven-3.3.9\mvnRepository\org\junit\jupiter\junit-jupiter\5.5.2\junit-jupiter-5.5.2.jar;F:\My_Work\apache-maven-3.3.9\mvnRepository\org\junit\jupiter\junit-jupiter-api\5.5.2\junit-jupiter-api-5.5.2.jar;F:\My_Work\apache-maven-3.3.9\mvnRepository\org\apiguardian\apiguardian-api\1.1.0\apiguardian-api-1.1.0.jar;F:\My_Work\apache-maven-3.3.9\mvnRepository\org\opentest4j\opentest4j\1.2.0\opentest4j-1.2.0.jar;F:\My_Work\apache-maven-3.3.9\mvnRepository\org\junit\platform\junit-platform-commons\1.5.2\junit-platform-commons-1.5.2.jar;F:\My_Work\apache-maven-3.3.9\mvnRepository\org\junit\jupiter\junit-jupiter-params\5.5.2\junit-jupiter-params-5.5.2.jar;F:\My_Work\apache-maven-3.3.9\mvnRepository\org\junit\jupiter\junit-jupiter-engine\5.5.2\junit-jupiter-engine-5.5.2.jar;F:\My_Work\apache-maven-3.3.9\mvnRepository\org\junit\platform\junit-platform-engine\1.5.2\junit-platform-engine-1.5.2.jar;F:\My_Work\apache-maven-3.3.9\mvnRepository\org\mockito\mockito-junit-jupiter\3.1.0\mockito-junit-jupiter-3.1.0.jar;F:\My_Work\apache-maven-3.3.9\mvnRepository\org\assertj\assertj-core\3.13.2\assertj-core-3.13.2.jar;F:\My_Work\apache-maven-3.3.9\mvnRepository\org\hamcrest\hamcrest\2.1\hamcrest-2.1.jar;F:\My_Work\apache-maven-3.3.9\mvnRepository\org\mockito\mockito-core\3.1.0\mockito-core-3.1.0.jar;F:\My_Work\apache-maven-3.3.9\mvnRepository\net\bytebuddy\byte-buddy\1.10.4\byte-buddy-1.10.4.jar;F:\My_Work\apache-maven-3.3.9\mvnRepository\net\bytebuddy\byte-buddy-agent\1.10.4\byte-buddy-agent-1.10.4.jar;F:\My_Work\apache-maven-3.3.9\mvnRepository\org\objenesis\objenesis\2.6\objenesis-2.6.jar;F:\My_Work\apache-maven-3.3.9\mvnRepository\org\skyscreamer\jsonassert\1.5.0\jsonassert-1.5.0.jar;F:\My_Work\apache-maven-3.3.9\mvnRepository\com\vaadin\external\google\android-json\0.0.20131108.vaadin1\android-json-0.0.20131108.vaadin1.jar;F:\My_Work\apache-maven-3.3.9\mvnRepository\org\springframework\spring-test\5.2.2.RELEASE\spring-test-5.2.2.RELEASE.jar;F:\My_Work\apache-maven-3.3.9\mvnRepository\org\xmlunit\xmlunit-core\2.6.3\xmlunit-core-2.6.3.jar;"/>
    <property name="java.vm.vendor" value="Oracle Corporation"/>
    <property name="sun.arch.data.model" value="64"/>
    <property name="user.variant" value=""/>
    <property name="java.vendor.url" value="http://java.oracle.com/"/>
    <property name="user.timezone" value="Asia/Shanghai"/>
    <property name="java.vm.specification.version" value="1.8"/>
    <property name="os.name" value="Windows 10"/>
    <property name="user.country" value="CN"/>
    <property name="sun.java.launcher" value="SUN_STANDARD"/>
    <property name="sun.boot.library.path" value="F:\Java\jdk-1.8\jre\bin"/>
    <property name="sun.java.command" value="C:\Users\yuwen\AppData\Local\Temp\surefire6142562632993200837\surefirebooter5952920226761949515.jar C:\Users\yuwen\AppData\Local\Temp\surefire6142562632993200837 2019-12-27T13-46-35_605-jvmRun1 surefire7076113483637825397tmp surefire_05215124459004556363tmp"/>
    <property name="surefire.test.class.path" value="E:\PersonalWork\SpringBootDemo\target\test-classes;E:\PersonalWork\SpringBootDemo\target\classes;F:\My_Work\apache-maven-3.3.9\mvnRepository\org\springframework\boot\spring-boot-starter\2.2.3.BUILD-SNAPSHOT\spring-boot-starter-2.2.3.BUILD-SNAPSHOT.jar;F:\My_Work\apache-maven-3.3.9\mvnRepository\org\springframework\boot\spring-boot\2.2.3.BUILD-SNAPSHOT\spring-boot-2.2.3.BUILD-SNAPSHOT.jar;F:\My_Work\apache-maven-3.3.9\mvnRepository\org\springframework\spring-context\5.2.2.RELEASE\spring-context-5.2.2.RELEASE.jar;F:\My_Work\apache-maven-3.3.9\mvnRepository\org\springframework\boot\spring-boot-autoconfigure\2.2.3.BUILD-SNAPSHOT\spring-boot-autoconfigure-2.2.3.BUILD-SNAPSHOT.jar;F:\My_Work\apache-maven-3.3.9\mvnRepository\org\springframework\boot\spring-boot-starter-logging\2.2.3.BUILD-SNAPSHOT\spring-boot-starter-logging-2.2.3.BUILD-SNAPSHOT.jar;F:\My_Work\apache-maven-3.3.9\mvnRepository\ch\qos\logback\logback-classic\1.2.3\logback-classic-1.2.3.jar;F:\My_Work\apache-maven-3.3.9\mvnRepository\ch\qos\logback\logback-core\1.2.3\logback-core-1.2.3.jar;F:\My_Work\apache-maven-3.3.9\mvnRepository\org\apache\logging\log4j\log4j-to-slf4j\2.12.1\log4j-to-slf4j-2.12.1.jar;F:\My_Work\apache-maven-3.3.9\mvnRepository\org\apache\logging\log4j\log4j-api\2.12.1\log4j-api-2.12.1.jar;F:\My_Work\apache-maven-3.3.9\mvnRepository\org\slf4j\jul-to-slf4j\1.7.29\jul-to-slf4j-1.7.29.jar;F:\My_Work\apache-maven-3.3.9\mvnRepository\jakarta\annotation\jakarta.annotation-api\1.3.5\jakarta.annotation-api-1.3.5.jar;F:\My_Work\apache-maven-3.3.9\mvnRepository\org\springframework\spring-core\5.2.2.RELEASE\spring-core-5.2.2.RELEASE.jar;F:\My_Work\apache-maven-3.3.9\mvnRepository\org\springframework\spring-jcl\5.2.2.RELEASE\spring-jcl-5.2.2.RELEASE.jar;F:\My_Work\apache-maven-3.3.9\mvnRepository\org\yaml\snakeyaml\1.25\snakeyaml-1.25.jar;F:\My_Work\apache-maven-3.3.9\mvnRepository\org\springframework\boot\spring-boot-starter-web\2.2.3.BUILD-SNAPSHOT\spring-boot-starter-web-2.2.3.BUILD-SNAPSHOT.jar;F:\My_Work\apache-maven-3.3.9\mvnRepository\org\springframework\boot\spring-boot-starter-json\2.2.3.BUILD-SNAPSHOT\spring-boot-starter-json-2.2.3.BUILD-SNAPSHOT.jar;F:\My_Work\apache-maven-3.3.9\mvnRepository\com\fasterxml\jackson\core\jackson-databind\2.10.1\jackson-databind-2.10.1.jar;F:\My_Work\apache-maven-3.3.9\mvnRepository\com\fasterxml\jackson\core\jackson-annotations\2.10.1\jackson-annotations-2.10.1.jar;F:\My_Work\apache-maven-3.3.9\mvnRepository\com\fasterxml\jackson\core\jackson-core\2.10.1\jackson-core-2.10.1.jar;F:\My_Work\apache-maven-3.3.9\mvnRepository\com\fasterxml\jackson\datatype\jackson-datatype-jdk8\2.10.1\jackson-datatype-jdk8-2.10.1.jar;F:\My_Work\apache-maven-3.3.9\mvnRepository\com\fasterxml\jackson\datatype\jackson-datatype-jsr310\2.10.1\jackson-datatype-jsr310-2.10.1.jar;F:\My_Work\apache-maven-3.3.9\mvnRepository\com\fasterxml\jackson\module\jackson-module-parameter-names\2.10.1\jackson-module-parameter-names-2.10.1.jar;F:\My_Work\apache-maven-3.3.9\mvnRepository\org\springframework\boot\spring-boot-starter-tomcat\2.2.3.BUILD-SNAPSHOT\spring-boot-starter-tomcat-2.2.3.BUILD-SNAPSHOT.jar;F:\My_Work\apache-maven-3.3.9\mvnRepository\org\apache\tomcat\embed\tomcat-embed-core\9.0.29\tomcat-embed-core-9.0.29.jar;F:\My_Work\apache-maven-3.3.9\mvnRepository\org\apache\tomcat\embed\tomcat-embed-el\9.0.29\tomcat-embed-el-9.0.29.jar;F:\My_Work\apache-maven-3.3.9\mvnRepository\org\apache\tomcat\embed\tomcat-embed-websocket\9.0.29\tomcat-embed-websocket-9.0.29.jar;F:\My_Work\apache-maven-3.3.9\mvnRepository\org\springframework\boot\spring-boot-starter-validation\2.2.3.BUILD-SNAPSHOT\spring-boot-starter-validation-2.2.3.BUILD-SNAPSHOT.jar;F:\My_Work\apache-maven-3.3.9\mvnRepository\jakarta\validation\jakarta.validation-api\2.0.1\jakarta.validation-api-2.0.1.jar;F:\My_Work\apache-maven-3.3.9\mvnRepository\org\hibernate\validator\hibernate-validator\6.0.18.Final\hibernate-validator-6.0.18.Final.jar;F:\My_Work\apache-maven-3.3.9\mvnRepository\org\jboss\logging\jboss-logging\3.4.1.Final\jboss-logging-3.4.1.Final.jar;F:\My_Work\apache-maven-3.3.9\mvnRepository\com\fasterxml\classmate\1.5.1\classmate-1.5.1.jar;F:\My_Work\apache-maven-3.3.9\mvnRepository\org\springframework\spring-web\5.2.2.RELEASE\spring-web-5.2.2.RELEASE.jar;F:\My_Work\apache-maven-3.3.9\mvnRepository\org\springframework\spring-beans\5.2.2.RELEASE\spring-beans-5.2.2.RELEASE.jar;F:\My_Work\apache-maven-3.3.9\mvnRepository\org\springframework\spring-webmvc\5.2.2.RELEASE\spring-webmvc-5.2.2.RELEASE.jar;F:\My_Work\apache-maven-3.3.9\mvnRepository\org\springframework\spring-aop\5.2.2.RELEASE\spring-aop-5.2.2.RELEASE.jar;F:\My_Work\apache-maven-3.3.9\mvnRepository\org\springframework\spring-expression\5.2.2.RELEASE\spring-expression-5.2.2.RELEASE.jar;F:\My_Work\apache-maven-3.3.9\mvnRepository\org\springframework\boot\spring-boot-starter-test\2.2.3.BUILD-SNAPSHOT\spring-boot-starter-test-2.2.3.BUILD-SNAPSHOT.jar;F:\My_Work\apache-maven-3.3.9\mvnRepository\org\springframework\boot\spring-boot-test\2.2.3.BUILD-SNAPSHOT\spring-boot-test-2.2.3.BUILD-SNAPSHOT.jar;F:\My_Work\apache-maven-3.3.9\mvnRepository\org\springframework\boot\spring-boot-test-autoconfigure\2.2.3.BUILD-SNAPSHOT\spring-boot-test-autoconfigure-2.2.3.BUILD-SNAPSHOT.jar;F:\My_Work\apache-maven-3.3.9\mvnRepository\com\jayway\jsonpath\json-path\2.4.0\json-path-2.4.0.jar;F:\My_Work\apache-maven-3.3.9\mvnRepository\net\minidev\json-smart\2.3\json-smart-2.3.jar;F:\My_Work\apache-maven-3.3.9\mvnRepository\net\minidev\accessors-smart\1.2\accessors-smart-1.2.jar;F:\My_Work\apache-maven-3.3.9\mvnRepository\org\ow2\asm\asm\5.0.4\asm-5.0.4.jar;F:\My_Work\apache-maven-3.3.9\mvnRepository\org\slf4j\slf4j-api\1.7.29\slf4j-api-1.7.29.jar;F:\My_Work\apache-maven-3.3.9\mvnRepository\jakarta\xml\bind\jakarta.xml.bind-api\2.3.2\jakarta.xml.bind-api-2.3.2.jar;F:\My_Work\apache-maven-3.3.9\mvnRepository\jakarta\activation\jakarta.activation-api\1.2.1\jakarta.activation-api-1.2.1.jar;F:\My_Work\apache-maven-3.3.9\mvnRepository\org\junit\jupiter\junit-jupiter\5.5.2\junit-jupiter-5.5.2.jar;F:\My_Work\apache-maven-3.3.9\mvnRepository\org\junit\jupiter\junit-jupiter-api\5.5.2\junit-jupiter-api-5.5.2.jar;F:\My_Work\apache-maven-3.3.9\mvnRepository\org\apiguardian\apiguardian-api\1.1.0\apiguardian-api-1.1.0.jar;F:\My_Work\apache-maven-3.3.9\mvnRepository\org\opentest4j\opentest4j\1.2.0\opentest4j-1.2.0.jar;F:\My_Work\apache-maven-3.3.9\mvnRepository\org\junit\platform\junit-platform-commons\1.5.2\junit-platform-commons-1.5.2.jar;F:\My_Work\apache-maven-3.3.9\mvnRepository\org\junit\jupiter\junit-jupiter-params\5.5.2\junit-jupiter-params-5.5.2.jar;F:\My_Work\apache-maven-3.3.9\mvnRepository\org\junit\jupiter\junit-jupiter-engine\5.5.2\junit-jupiter-engine-5.5.2.jar;F:\My_Work\apache-maven-3.3.9\mvnRepository\org\junit\platform\junit-platform-engine\1.5.2\junit-platform-engine-1.5.2.jar;F:\My_Work\apache-maven-3.3.9\mvnRepository\org\mockito\mockito-junit-jupiter\3.1.0\mockito-junit-jupiter-3.1.0.jar;F:\My_Work\apache-maven-3.3.9\mvnRepository\org\assertj\assertj-core\3.13.2\assertj-core-3.13.2.jar;F:\My_Work\apache-maven-3.3.9\mvnRepository\org\hamcrest\hamcrest\2.1\hamcrest-2.1.jar;F:\My_Work\apache-maven-3.3.9\mvnRepository\org\mockito\mockito-core\3.1.0\mockito-core-3.1.0.jar;F:\My_Work\apache-maven-3.3.9\mvnRepository\net\bytebuddy\byte-buddy\1.10.4\byte-buddy-1.10.4.jar;F:\My_Work\apache-maven-3.3.9\mvnRepository\net\bytebuddy\byte-buddy-agent\1.10.4\byte-buddy-agent-1.10.4.jar;F:\My_Work\apache-maven-3.3.9\mvnRepository\org\objenesis\objenesis\2.6\objenesis-2.6.jar;F:\My_Work\apache-maven-3.3.9\mvnRepository\org\skyscreamer\jsonassert\1.5.0\jsonassert-1.5.0.jar;F:\My_Work\apache-maven-3.3.9\mvnRepository\com\vaadin\external\google\android-json\0.0.20131108.vaadin1\android-json-0.0.20131108.vaadin1.jar;F:\My_Work\apache-maven-3.3.9\mvnRepository\org\springframework\spring-test\5.2.2.RELEASE\spring-test-5.2.2.RELEASE.jar;F:\My_Work\apache-maven-3.3.9\mvnRepository\org\xmlunit\xmlunit-core\2.6.3\xmlunit-core-2.6.3.jar;"/>
    <property name="sun.cpu.endian" value="little"/>
    <property name="user.home" value="C:\Users\yuwen"/>
    <property name="user.language" value="zh"/>
    <property name="java.specification.vendor" value="Oracle Corporation"/>
    <property name="java.home" value="F:\Java\jdk-1.8\jre"/>
    <property name="basedir" value="E:\PersonalWork\SpringBootDemo"/>
    <property name="file.separator" value="\"/>
    <property name="line.separator" value="&#10;"/>
    <property name="java.vm.specification.vendor" value="Oracle Corporation"/>
    <property name="java.specification.name" value="Java Platform API Specification"/>
    <property name="java.awt.graphicsenv" value="sun.awt.Win32GraphicsEnvironment"/>
    <property name="surefire.real.class.path" value="C:\Users\yuwen\AppData\Local\Temp\surefire6142562632993200837\surefirebooter5952920226761949515.jar"/>
    <property name="sun.boot.class.path" value="F:\Java\jdk-1.8\jre\lib\resources.jar;F:\Java\jdk-1.8\jre\lib\rt.jar;F:\Java\jdk-1.8\jre\lib\sunrsasign.jar;F:\Java\jdk-1.8\jre\lib\jsse.jar;F:\Java\jdk-1.8\jre\lib\jce.jar;F:\Java\jdk-1.8\jre\lib\charsets.jar;F:\Java\jdk-1.8\jre\lib\jfr.jar;F:\Java\jdk-1.8\jre\classes"/>
    <property name="user.script" value=""/>
    <property name="sun.management.compiler" value="HotSpot 64-Bit Tiered Compilers"/>
    <property name="java.runtime.version" value="1.8.0_131-b11"/>
    <property name="user.name" value="yuwen"/>
    <property name="path.separator" value=";"/>
    <property name="os.version" value="10.0"/>
    <property name="java.endorsed.dirs" value="F:\Java\jdk-1.8\jre\lib\endorsed"/>
    <property name="java.runtime.name" value="Java(TM) SE Runtime Environment"/>
    <property name="file.encoding" value="GBK"/>
    <property name="java.vm.name" value="Java HotSpot(TM) 64-Bit Server VM"/>
    <property name="localRepository" value="F:\My_Work\apache-maven-3.3.9\mvnRepository"/>
    <property name="java.vendor.url.bug" value="http://bugreport.sun.com/bugreport/"/>
    <property name="java.io.tmpdir" value="C:\Users\yuwen\AppData\Local\Temp\"/>
    <property name="java.version" value="1.8.0_131"/>
    <property name="user.dir" value="E:\PersonalWork\SpringBootDemo"/>
    <property name="os.arch" value="amd64"/>
    <property name="java.vm.specification.name" value="Java Virtual Machine Specification"/>
    <property name="java.awt.printerjob" value="sun.awt.windows.WPrinterJob"/>
    <property name="sun.os.patch.level" value=""/>
    <property name="java.library.path" value="F:\Java\jdk-1.8\jre\bin;C:\WINDOWS\Sun\Java\bin;C:\WINDOWS\system32;C:\WINDOWS;C:\Python27\;C:\Python27\Scripts;E:\Linux\LinuxTools\SecureCRT\Install\;F:\app\yuwb\product\11.2.0\dbhome_1\bin;F:\app\yuwb\product\11.2.0\client_1\bin;C:\ProgramData\Oracle\Java\javapath;C:\WINDOWS\system32;C:\WINDOWS;C:\WINDOWS\System32\Wbem;C:\WINDOWS\System32\WindowsPowerShell\v1.0\;F:\Java\jdk-1.8\bin;F:\Tools\Maven\apache-maven-3.3.9\bin;E:\Theme\MacType\Install;C:\Program Files\MySQL\MySQL Server 8.0\bin;D:\MongoDB\Install\bin;C:\WINDOWS\System32\OpenSSH\;D:\PyCharmIDE\python\python-3.7;F:\Tools\Git\Install\cmd;F:\Microsoft SQL Server\x86\140\Tools\Binn\;F:\Microsoft SQL Server\Share\140\Tools\Binn\;F:\Microsoft SQL Server\x86\140\DTS\Binn\;F:\Microsoft SQL Server\Share\140\DTS\Binn\;F:\Microsoft SQL Server\Share\Client SDK\ODBC\130\Tools\Binn\;F:\Microsoft SQL Server\x86\150\DTS\Binn\;f:\Microsoft SQL Server\Share\130\Tools\Binn\;F:\Microsoft SQL Server\Share\Client SDK\ODBC\170\Tools\Binn\;C:\ProgramData\chocolatey\bin;F:\Tools\NodeJs\install\;F:\Tools\TortoiseGit\Install\bin;F:\Tools\SVN\Install\bin;D:\PyCharmIDE\python\python-3.7\Scripts\;D:\PyCharmIDE\python\python-3.7\;C:\Users\yuwen\AppData\Local\Microsoft\WindowsApps;%IntelliJ IDEA%;C:\Users\yuwen\AppData\Roaming\npm;."/>
    <property name="java.vm.info" value="mixed mode"/>
    <property name="java.vendor" value="Oracle Corporation"/>
    <property name="java.vm.version" value="25.131-b11"/>
    <property name="java.ext.dirs" value="F:\Java\jdk-1.8\jre\lib\ext;C:\WINDOWS\Sun\Java\lib\ext"/>
    <property name="sun.io.unicode.encoding" value="UnicodeLittle"/>
    <property name="java.class.version" value="52.0"/>
  </properties>
  <testcase name="contextLoads" classname="com.springboot.SpringBootDemo.SpringBootDemoApplicationTests" time="0.204"/>
</testsuite>