<?xml version="1.0" encoding="UTF-8"?>
<testsuite xmlns:xsi="http://www.w3.org/2001/XMLSchema-instance" xsi:noNamespaceSchemaLocation="https://maven.apache.org/surefire/maven-surefire-plugin/xsd/surefire-test-report.xsd" name="com.springboot.SpringBootDemo.SpringBootDemoApplicationTests" time="0.062" tests="3" errors="3" skipped="0" failures="0">
  <properties>
    <property name="sun.desktop" value="windows"/>
    <property name="awt.toolkit" value="sun.awt.windows.WToolkit"/>
    <property name="file.encoding.pkg" value="sun.io"/>
    <property name="java.specification.version" value="1.8"/>
    <property name="sun.cpu.isalist" value="amd64"/>
    <property name="sun.jnu.encoding" value="GBK"/>
    <property name="java.class.path" value="E:\PersonalWork\JeeSpringBoot\target\test-classes;E:\PersonalWork\JeeSpringBoot\target\classes;F:\My_Work\apache-maven-3.3.9\mvnRepository\org\apache\shiro\shiro-spring\1.4.1\shiro-spring-1.4.1.jar;F:\My_Work\apache-maven-3.3.9\mvnRepository\org\apache\shiro\shiro-core\1.4.1\shiro-core-1.4.1.jar;F:\My_Work\apache-maven-3.3.9\mvnRepository\org\apache\shiro\shiro-lang\1.4.1\shiro-lang-1.4.1.jar;F:\My_Work\apache-maven-3.3.9\mvnRepository\org\apache\shiro\shiro-cache\1.4.1\shiro-cache-1.4.1.jar;F:\My_Work\apache-maven-3.3.9\mvnRepository\org\apache\shiro\shiro-crypto-hash\1.4.1\shiro-crypto-hash-1.4.1.jar;F:\My_Work\apache-maven-3.3.9\mvnRepository\org\apache\shiro\shiro-crypto-core\1.4.1\shiro-crypto-core-1.4.1.jar;F:\My_Work\apache-maven-3.3.9\mvnRepository\org\apache\shiro\shiro-crypto-cipher\1.4.1\shiro-crypto-cipher-1.4.1.jar;F:\My_Work\apache-maven-3.3.9\mvnRepository\org\apache\shiro\shiro-config-core\1.4.1\shiro-config-core-1.4.1.jar;F:\My_Work\apache-maven-3.3.9\mvnRepository\org\apache\shiro\shiro-config-ogdl\1.4.1\shiro-config-ogdl-1.4.1.jar;F:\My_Work\apache-maven-3.3.9\mvnRepository\commons-beanutils\commons-beanutils\1.9.3\commons-beanutils-1.9.3.jar;F:\My_Work\apache-maven-3.3.9\mvnRepository\commons-collections\commons-collections\3.2.2\commons-collections-3.2.2.jar;F:\My_Work\apache-maven-3.3.9\mvnRepository\org\apache\shiro\shiro-event\1.4.1\shiro-event-1.4.1.jar;F:\My_Work\apache-maven-3.3.9\mvnRepository\org\apache\shiro\shiro-web\1.4.1\shiro-web-1.4.1.jar;F:\My_Work\apache-maven-3.3.9\mvnRepository\org\springframework\boot\spring-boot-starter-web\2.1.3.RELEASE\spring-boot-starter-web-2.1.3.RELEASE.jar;F:\My_Work\apache-maven-3.3.9\mvnRepository\org\springframework\boot\spring-boot-starter\2.1.3.RELEASE\spring-boot-starter-2.1.3.RELEASE.jar;F:\My_Work\apache-maven-3.3.9\mvnRepository\org\springframework\boot\spring-boot-starter-logging\2.1.3.RELEASE\spring-boot-starter-logging-2.1.3.RELEASE.jar;F:\My_Work\apache-maven-3.3.9\mvnRepository\ch\qos\logback\logback-classic\1.2.3\logback-classic-1.2.3.jar;F:\My_Work\apache-maven-3.3.9\mvnRepository\ch\qos\logback\logback-core\1.2.3\logback-core-1.2.3.jar;F:\My_Work\apache-maven-3.3.9\mvnRepository\org\apache\logging\log4j\log4j-to-slf4j\2.11.2\log4j-to-slf4j-2.11.2.jar;F:\My_Work\apache-maven-3.3.9\mvnRepository\org\apache\logging\log4j\log4j-api\2.11.2\log4j-api-2.11.2.jar;F:\My_Work\apache-maven-3.3.9\mvnRepository\org\slf4j\jul-to-slf4j\1.7.25\jul-to-slf4j-1.7.25.jar;F:\My_Work\apache-maven-3.3.9\mvnRepository\org\yaml\snakeyaml\1.23\snakeyaml-1.23.jar;F:\My_Work\apache-maven-3.3.9\mvnRepository\org\springframework\boot\spring-boot-starter-json\2.1.3.RELEASE\spring-boot-starter-json-2.1.3.RELEASE.jar;F:\My_Work\apache-maven-3.3.9\mvnRepository\com\fasterxml\jackson\datatype\jackson-datatype-jdk8\2.9.8\jackson-datatype-jdk8-2.9.8.jar;F:\My_Work\apache-maven-3.3.9\mvnRepository\com\fasterxml\jackson\datatype\jackson-datatype-jsr310\2.9.8\jackson-datatype-jsr310-2.9.8.jar;F:\My_Work\apache-maven-3.3.9\mvnRepository\com\fasterxml\jackson\module\jackson-module-parameter-names\2.9.8\jackson-module-parameter-names-2.9.8.jar;F:\My_Work\apache-maven-3.3.9\mvnRepository\org\hibernate\validator\hibernate-validator\6.0.14.Final\hibernate-validator-6.0.14.Final.jar;F:\My_Work\apache-maven-3.3.9\mvnRepository\javax\validation\validation-api\2.0.1.Final\validation-api-2.0.1.Final.jar;F:\My_Work\apache-maven-3.3.9\mvnRepository\org\jboss\logging\jboss-logging\3.3.2.Final\jboss-logging-3.3.2.Final.jar;F:\My_Work\apache-maven-3.3.9\mvnRepository\com\fasterxml\classmate\1.4.0\classmate-1.4.0.jar;F:\My_Work\apache-maven-3.3.9\mvnRepository\org\springframework\spring-web\5.1.5.RELEASE\spring-web-5.1.5.RELEASE.jar;F:\My_Work\apache-maven-3.3.9\mvnRepository\org\springframework\spring-beans\5.1.5.RELEASE\spring-beans-5.1.5.RELEASE.jar;F:\My_Work\apache-maven-3.3.9\mvnRepository\org\springframework\spring-webmvc\5.1.5.RELEASE\spring-webmvc-5.1.5.RELEASE.jar;F:\My_Work\apache-maven-3.3.9\mvnRepository\org\springframework\spring-aop\5.1.5.RELEASE\spring-aop-5.1.5.RELEASE.jar;F:\My_Work\apache-maven-3.3.9\mvnRepository\org\springframework\spring-context\5.1.5.RELEASE\spring-context-5.1.5.RELEASE.jar;F:\My_Work\apache-maven-3.3.9\mvnRepository\org\springframework\spring-expression\5.1.5.RELEASE\spring-expression-5.1.5.RELEASE.jar;F:\My_Work\apache-maven-3.3.9\mvnRepository\org\springframework\boot\spring-boot-starter-tomcat\2.1.3.RELEASE\spring-boot-starter-tomcat-2.1.3.RELEASE.jar;F:\My_Work\apache-maven-3.3.9\mvnRepository\javax\annotation\javax.annotation-api\1.3.2\javax.annotation-api-1.3.2.jar;F:\My_Work\apache-maven-3.3.9\mvnRepository\org\apache\tomcat\embed\tomcat-embed-core\9.0.16\tomcat-embed-core-9.0.16.jar;F:\My_Work\apache-maven-3.3.9\mvnRepository\org\apache\tomcat\embed\tomcat-embed-el\9.0.16\tomcat-embed-el-9.0.16.jar;F:\My_Work\apache-maven-3.3.9\mvnRepository\org\apache\tomcat\embed\tomcat-embed-websocket\9.0.16\tomcat-embed-websocket-9.0.16.jar;F:\My_Work\apache-maven-3.3.9\mvnRepository\org\springframework\boot\spring-boot-devtools\2.1.3.RELEASE\spring-boot-devtools-2.1.3.RELEASE.jar;F:\My_Work\apache-maven-3.3.9\mvnRepository\org\springframework\boot\spring-boot\2.1.3.RELEASE\spring-boot-2.1.3.RELEASE.jar;F:\My_Work\apache-maven-3.3.9\mvnRepository\org\springframework\boot\spring-boot-autoconfigure\2.1.3.RELEASE\spring-boot-autoconfigure-2.1.3.RELEASE.jar;F:\My_Work\apache-maven-3.3.9\mvnRepository\org\springframework\boot\spring-boot-starter-data-jpa\2.1.3.RELEASE\spring-boot-starter-data-jpa-2.1.3.RELEASE.jar;F:\My_Work\apache-maven-3.3.9\mvnRepository\org\springframework\boot\spring-boot-starter-aop\2.1.3.RELEASE\spring-boot-starter-aop-2.1.3.RELEASE.jar;F:\My_Work\apache-maven-3.3.9\mvnRepository\org\aspectj\aspectjweaver\1.9.2\aspectjweaver-1.9.2.jar;F:\My_Work\apache-maven-3.3.9\mvnRepository\org\springframework\boot\spring-boot-starter-jdbc\2.1.3.RELEASE\spring-boot-starter-jdbc-2.1.3.RELEASE.jar;F:\My_Work\apache-maven-3.3.9\mvnRepository\com\zaxxer\HikariCP\3.2.0\HikariCP-3.2.0.jar;F:\My_Work\apache-maven-3.3.9\mvnRepository\org\springframework\spring-jdbc\5.1.5.RELEASE\spring-jdbc-5.1.5.RELEASE.jar;F:\My_Work\apache-maven-3.3.9\mvnRepository\javax\transaction\javax.transaction-api\1.3\javax.transaction-api-1.3.jar;F:\My_Work\apache-maven-3.3.9\mvnRepository\javax\xml\bind\jaxb-api\2.3.1\jaxb-api-2.3.1.jar;F:\My_Work\apache-maven-3.3.9\mvnRepository\javax\activation\javax.activation-api\1.2.0\javax.activation-api-1.2.0.jar;F:\My_Work\apache-maven-3.3.9\mvnRepository\org\hibernate\hibernate-core\5.3.7.Final\hibernate-core-5.3.7.Final.jar;F:\My_Work\apache-maven-3.3.9\mvnRepository\javax\persistence\javax.persistence-api\2.2\javax.persistence-api-2.2.jar;F:\My_Work\apache-maven-3.3.9\mvnRepository\org\javassist\javassist\3.23.1-GA\javassist-3.23.1-GA.jar;F:\My_Work\apache-maven-3.3.9\mvnRepository\net\bytebuddy\byte-buddy\1.9.10\byte-buddy-1.9.10.jar;F:\My_Work\apache-maven-3.3.9\mvnRepository\antlr\antlr\2.7.7\antlr-2.7.7.jar;F:\My_Work\apache-maven-3.3.9\mvnRepository\org\jboss\jandex\2.0.5.Final\jandex-2.0.5.Final.jar;F:\My_Work\apache-maven-3.3.9\mvnRepository\org\dom4j\dom4j\2.1.1\dom4j-2.1.1.jar;F:\My_Work\apache-maven-3.3.9\mvnRepository\org\hibernate\common\hibernate-commons-annotations\5.0.4.Final\hibernate-commons-annotations-5.0.4.Final.jar;F:\My_Work\apache-maven-3.3.9\mvnRepository\org\springframework\data\spring-data-jpa\2.1.5.RELEASE\spring-data-jpa-2.1.5.RELEASE.jar;F:\My_Work\apache-maven-3.3.9\mvnRepository\org\springframework\data\spring-data-commons\2.1.5.RELEASE\spring-data-commons-2.1.5.RELEASE.jar;F:\My_Work\apache-maven-3.3.9\mvnRepository\org\springframework\spring-orm\5.1.5.RELEASE\spring-orm-5.1.5.RELEASE.jar;F:\My_Work\apache-maven-3.3.9\mvnRepository\org\springframework\spring-tx\5.1.5.RELEASE\spring-tx-5.1.5.RELEASE.jar;F:\My_Work\apache-maven-3.3.9\mvnRepository\org\slf4j\slf4j-api\1.7.25\slf4j-api-1.7.25.jar;F:\My_Work\apache-maven-3.3.9\mvnRepository\org\springframework\spring-aspects\5.1.5.RELEASE\spring-aspects-5.1.5.RELEASE.jar;F:\My_Work\apache-maven-3.3.9\mvnRepository\org\springframework\boot\spring-boot-starter-data-redis\2.1.3.RELEASE\spring-boot-starter-data-redis-2.1.3.RELEASE.jar;F:\My_Work\apache-maven-3.3.9\mvnRepository\org\springframework\data\spring-data-redis\2.1.5.RELEASE\spring-data-redis-2.1.5.RELEASE.jar;F:\My_Work\apache-maven-3.3.9\mvnRepository\org\springframework\data\spring-data-keyvalue\2.1.5.RELEASE\spring-data-keyvalue-2.1.5.RELEASE.jar;F:\My_Work\apache-maven-3.3.9\mvnRepository\org\springframework\spring-oxm\5.1.5.RELEASE\spring-oxm-5.1.5.RELEASE.jar;F:\My_Work\apache-maven-3.3.9\mvnRepository\org\springframework\spring-context-support\5.1.5.RELEASE\spring-context-support-5.1.5.RELEASE.jar;F:\My_Work\apache-maven-3.3.9\mvnRepository\io\lettuce\lettuce-core\5.1.4.RELEASE\lettuce-core-5.1.4.RELEASE.jar;F:\My_Work\apache-maven-3.3.9\mvnRepository\io\netty\netty-common\4.1.33.Final\netty-common-4.1.33.Final.jar;F:\My_Work\apache-maven-3.3.9\mvnRepository\io\netty\netty-handler\4.1.33.Final\netty-handler-4.1.33.Final.jar;F:\My_Work\apache-maven-3.3.9\mvnRepository\io\netty\netty-buffer\4.1.33.Final\netty-buffer-4.1.33.Final.jar;F:\My_Work\apache-maven-3.3.9\mvnRepository\io\netty\netty-codec\4.1.33.Final\netty-codec-4.1.33.Final.jar;F:\My_Work\apache-maven-3.3.9\mvnRepository\io\netty\netty-transport\4.1.33.Final\netty-transport-4.1.33.Final.jar;F:\My_Work\apache-maven-3.3.9\mvnRepository\io\netty\netty-resolver\4.1.33.Final\netty-resolver-4.1.33.Final.jar;F:\My_Work\apache-maven-3.3.9\mvnRepository\io\projectreactor\reactor-core\3.2.6.RELEASE\reactor-core-3.2.6.RELEASE.jar;F:\My_Work\apache-maven-3.3.9\mvnRepository\org\reactivestreams\reactive-streams\1.0.2\reactive-streams-1.0.2.jar;F:\My_Work\apache-maven-3.3.9\mvnRepository\org\springframework\boot\spring-boot-starter-test\2.1.3.RELEASE\spring-boot-starter-test-2.1.3.RELEASE.jar;F:\My_Work\apache-maven-3.3.9\mvnRepository\org\springframework\boot\spring-boot-test\2.1.3.RELEASE\spring-boot-test-2.1.3.RELEASE.jar;F:\My_Work\apache-maven-3.3.9\mvnRepository\org\springframework\boot\spring-boot-test-autoconfigure\2.1.3.RELEASE\spring-boot-test-autoconfigure-2.1.3.RELEASE.jar;F:\My_Work\apache-maven-3.3.9\mvnRepository\com\jayway\jsonpath\json-path\2.4.0\json-path-2.4.0.jar;F:\My_Work\apache-maven-3.3.9\mvnRepository\net\minidev\json-smart\2.3\json-smart-2.3.jar;F:\My_Work\apache-maven-3.3.9\mvnRepository\net\minidev\accessors-smart\1.2\accessors-smart-1.2.jar;F:\My_Work\apache-maven-3.3.9\mvnRepository\org\ow2\asm\asm\5.0.4\asm-5.0.4.jar;F:\My_Work\apache-maven-3.3.9\mvnRepository\org\assertj\assertj-core\3.11.1\assertj-core-3.11.1.jar;F:\My_Work\apache-maven-3.3.9\mvnRepository\org\mockito\mockito-core\2.23.4\mockito-core-2.23.4.jar;F:\My_Work\apache-maven-3.3.9\mvnRepository\net\bytebuddy\byte-buddy-agent\1.9.10\byte-buddy-agent-1.9.10.jar;F:\My_Work\apache-maven-3.3.9\mvnRepository\org\objenesis\objenesis\2.6\objenesis-2.6.jar;F:\My_Work\apache-maven-3.3.9\mvnRepository\org\hamcrest\hamcrest-core\1.3\hamcrest-core-1.3.jar;F:\My_Work\apache-maven-3.3.9\mvnRepository\org\hamcrest\hamcrest-library\1.3\hamcrest-library-1.3.jar;F:\My_Work\apache-maven-3.3.9\mvnRepository\org\skyscreamer\jsonassert\1.5.0\jsonassert-1.5.0.jar;F:\My_Work\apache-maven-3.3.9\mvnRepository\com\vaadin\external\google\android-json\0.0.20131108.vaadin1\android-json-0.0.20131108.vaadin1.jar;F:\My_Work\apache-maven-3.3.9\mvnRepository\org\springframework\spring-core\5.1.5.RELEASE\spring-core-5.1.5.RELEASE.jar;F:\My_Work\apache-maven-3.3.9\mvnRepository\org\springframework\spring-jcl\5.1.5.RELEASE\spring-jcl-5.1.5.RELEASE.jar;F:\My_Work\apache-maven-3.3.9\mvnRepository\org\springframework\spring-test\5.1.5.RELEASE\spring-test-5.1.5.RELEASE.jar;F:\My_Work\apache-maven-3.3.9\mvnRepository\org\xmlunit\xmlunit-core\2.6.2\xmlunit-core-2.6.2.jar;F:\My_Work\apache-maven-3.3.9\mvnRepository\org\springframework\boot\spring-boot-starter-thymeleaf\2.1.3.RELEASE\spring-boot-starter-thymeleaf-2.1.3.RELEASE.jar;F:\My_Work\apache-maven-3.3.9\mvnRepository\org\thymeleaf\thymeleaf-spring5\3.0.11.RELEASE\thymeleaf-spring5-3.0.11.RELEASE.jar;F:\My_Work\apache-maven-3.3.9\mvnRepository\org\thymeleaf\thymeleaf\3.0.11.RELEASE\thymeleaf-3.0.11.RELEASE.jar;F:\My_Work\apache-maven-3.3.9\mvnRepository\org\attoparser\attoparser\2.0.5.RELEASE\attoparser-2.0.5.RELEASE.jar;F:\My_Work\apache-maven-3.3.9\mvnRepository\org\unbescape\unbescape\1.1.6.RELEASE\unbescape-1.1.6.RELEASE.jar;F:\My_Work\apache-maven-3.3.9\mvnRepository\org\thymeleaf\extras\thymeleaf-extras-java8time\3.0.3.RELEASE\thymeleaf-extras-java8time-3.0.3.RELEASE.jar;F:\My_Work\apache-maven-3.3.9\mvnRepository\org\springframework\boot\spring-boot-starter-data-elasticsearch\2.1.3.RELEASE\spring-boot-starter-data-elasticsearch-2.1.3.RELEASE.jar;F:\My_Work\apache-maven-3.3.9\mvnRepository\org\springframework\data\spring-data-elasticsearch\3.1.5.RELEASE\spring-data-elasticsearch-3.1.5.RELEASE.jar;F:\My_Work\apache-maven-3.3.9\mvnRepository\joda-time\joda-time\2.10.1\joda-time-2.10.1.jar;F:\My_Work\apache-maven-3.3.9\mvnRepository\org\elasticsearch\client\transport\6.4.3\transport-6.4.3.jar;F:\My_Work\apache-maven-3.3.9\mvnRepository\org\elasticsearch\elasticsearch\6.4.3\elasticsearch-6.4.3.jar;F:\My_Work\apache-maven-3.3.9\mvnRepository\org\elasticsearch\elasticsearch-core\6.4.3\elasticsearch-core-6.4.3.jar;F:\My_Work\apache-maven-3.3.9\mvnRepository\org\elasticsearch\elasticsearch-secure-sm\6.4.3\elasticsearch-secure-sm-6.4.3.jar;F:\My_Work\apache-maven-3.3.9\mvnRepository\org\elasticsearch\elasticsearch-x-content\6.4.3\elasticsearch-x-content-6.4.3.jar;F:\My_Work\apache-maven-3.3.9\mvnRepository\com\fasterxml\jackson\dataformat\jackson-dataformat-smile\2.9.8\jackson-dataformat-smile-2.9.8.jar;F:\My_Work\apache-maven-3.3.9\mvnRepository\com\fasterxml\jackson\dataformat\jackson-dataformat-yaml\2.9.8\jackson-dataformat-yaml-2.9.8.jar;F:\My_Work\apache-maven-3.3.9\mvnRepository\com\fasterxml\jackson\dataformat\jackson-dataformat-cbor\2.9.8\jackson-dataformat-cbor-2.9.8.jar;F:\My_Work\apache-maven-3.3.9\mvnRepository\org\apache\lucene\lucene-core\7.4.0\lucene-core-7.4.0.jar;F:\My_Work\apache-maven-3.3.9\mvnRepository\org\apache\lucene\lucene-analyzers-common\7.4.0\lucene-analyzers-common-7.4.0.jar;F:\My_Work\apache-maven-3.3.9\mvnRepository\org\apache\lucene\lucene-backward-codecs\7.4.0\lucene-backward-codecs-7.4.0.jar;F:\My_Work\apache-maven-3.3.9\mvnRepository\org\apache\lucene\lucene-grouping\7.4.0\lucene-grouping-7.4.0.jar;F:\My_Work\apache-maven-3.3.9\mvnRepository\org\apache\lucene\lucene-highlighter\7.4.0\lucene-highlighter-7.4.0.jar;F:\My_Work\apache-maven-3.3.9\mvnRepository\org\apache\lucene\lucene-join\7.4.0\lucene-join-7.4.0.jar;F:\My_Work\apache-maven-3.3.9\mvnRepository\org\apache\lucene\lucene-memory\7.4.0\lucene-memory-7.4.0.jar;F:\My_Work\apache-maven-3.3.9\mvnRepository\org\apache\lucene\lucene-misc\7.4.0\lucene-misc-7.4.0.jar;F:\My_Work\apache-maven-3.3.9\mvnRepository\org\apache\lucene\lucene-queries\7.4.0\lucene-queries-7.4.0.jar;F:\My_Work\apache-maven-3.3.9\mvnRepository\org\apache\lucene\lucene-queryparser\7.4.0\lucene-queryparser-7.4.0.jar;F:\My_Work\apache-maven-3.3.9\mvnRepository\org\apache\lucene\lucene-sandbox\7.4.0\lucene-sandbox-7.4.0.jar;F:\My_Work\apache-maven-3.3.9\mvnRepository\org\apache\lucene\lucene-spatial\7.4.0\lucene-spatial-7.4.0.jar;F:\My_Work\apache-maven-3.3.9\mvnRepository\org\apache\lucene\lucene-spatial-extras\7.4.0\lucene-spatial-extras-7.4.0.jar;F:\My_Work\apache-maven-3.3.9\mvnRepository\org\apache\lucene\lucene-spatial3d\7.4.0\lucene-spatial3d-7.4.0.jar;F:\My_Work\apache-maven-3.3.9\mvnRepository\org\apache\lucene\lucene-suggest\7.4.0\lucene-suggest-7.4.0.jar;F:\My_Work\apache-maven-3.3.9\mvnRepository\org\elasticsearch\elasticsearch-cli\6.4.3\elasticsearch-cli-6.4.3.jar;F:\My_Work\apache-maven-3.3.9\mvnRepository\net\sf\jopt-simple\jopt-simple\5.0.2\jopt-simple-5.0.2.jar;F:\My_Work\apache-maven-3.3.9\mvnRepository\com\carrotsearch\hppc\0.7.1\hppc-0.7.1.jar;F:\My_Work\apache-maven-3.3.9\mvnRepository\com\tdunning\t-digest\3.2\t-digest-3.2.jar;F:\My_Work\apache-maven-3.3.9\mvnRepository\org\hdrhistogram\HdrHistogram\2.1.9\HdrHistogram-2.1.9.jar;F:\My_Work\apache-maven-3.3.9\mvnRepository\org\elasticsearch\jna\4.5.1\jna-4.5.1.jar;F:\My_Work\apache-maven-3.3.9\mvnRepository\org\elasticsearch\plugin\reindex-client\6.4.3\reindex-client-6.4.3.jar;F:\My_Work\apache-maven-3.3.9\mvnRepository\org\elasticsearch\client\elasticsearch-rest-client\6.4.3\elasticsearch-rest-client-6.4.3.jar;F:\My_Work\apache-maven-3.3.9\mvnRepository\org\apache\httpcomponents\httpclient\4.5.7\httpclient-4.5.7.jar;F:\My_Work\apache-maven-3.3.9\mvnRepository\org\apache\httpcomponents\httpcore\4.4.11\httpcore-4.4.11.jar;F:\My_Work\apache-maven-3.3.9\mvnRepository\org\apache\httpcomponents\httpasyncclient\4.1.4\httpasyncclient-4.1.4.jar;F:\My_Work\apache-maven-3.3.9\mvnRepository\org\apache\httpcomponents\httpcore-nio\4.4.11\httpcore-nio-4.4.11.jar;F:\My_Work\apache-maven-3.3.9\mvnRepository\org\elasticsearch\plugin\lang-mustache-client\6.4.3\lang-mustache-client-6.4.3.jar;F:\My_Work\apache-maven-3.3.9\mvnRepository\com\github\spullara\mustache\java\compiler\0.9.3\compiler-0.9.3.jar;F:\My_Work\apache-maven-3.3.9\mvnRepository\org\elasticsearch\plugin\percolator-client\6.4.3\percolator-client-6.4.3.jar;F:\My_Work\apache-maven-3.3.9\mvnRepository\org\elasticsearch\plugin\parent-join-client\6.4.3\parent-join-client-6.4.3.jar;F:\My_Work\apache-maven-3.3.9\mvnRepository\org\elasticsearch\plugin\rank-eval-client\6.4.3\rank-eval-client-6.4.3.jar;F:\My_Work\apache-maven-3.3.9\mvnRepository\com\fasterxml\jackson\core\jackson-core\2.9.8\jackson-core-2.9.8.jar;F:\My_Work\apache-maven-3.3.9\mvnRepository\org\elasticsearch\plugin\transport-netty4-client\6.4.3\transport-netty4-client-6.4.3.jar;F:\My_Work\apache-maven-3.3.9\mvnRepository\io\netty\netty-codec-http\4.1.33.Final\netty-codec-http-4.1.33.Final.jar;F:\My_Work\apache-maven-3.3.9\mvnRepository\com\sun\jna\jna\3.0.9\jna-3.0.9.jar;F:\My_Work\apache-maven-3.3.9\mvnRepository\net\sourceforge\nekohtml\nekohtml\1.9.22\nekohtml-1.9.22.jar;F:\My_Work\apache-maven-3.3.9\mvnRepository\xerces\xercesImpl\2.11.0\xercesImpl-2.11.0.jar;F:\My_Work\apache-maven-3.3.9\mvnRepository\xml-apis\xml-apis\1.4.01\xml-apis-1.4.01.jar;F:\My_Work\apache-maven-3.3.9\mvnRepository\junit\junit\4.12\junit-4.12.jar;F:\My_Work\apache-maven-3.3.9\mvnRepository\org\apache\tomcat\embed\tomcat-embed-jasper\8.5.23\tomcat-embed-jasper-8.5.23.jar;F:\My_Work\apache-maven-3.3.9\mvnRepository\org\eclipse\jdt\ecj\3.12.3\ecj-3.12.3.jar;F:\My_Work\apache-maven-3.3.9\mvnRepository\mysql\mysql-connector-java\8.0.13\mysql-connector-java-8.0.13.jar;F:\My_Work\apache-maven-3.3.9\mvnRepository\commons-lang\commons-lang\2.6\commons-lang-2.6.jar;F:\My_Work\apache-maven-3.3.9\mvnRepository\org\hsqldb\hsqldb\2.4.1\hsqldb-2.4.1.jar;F:\My_Work\apache-maven-3.3.9\mvnRepository\com\alibaba\fastjson\1.2.41\fastjson-1.2.41.jar;F:\My_Work\apache-maven-3.3.9\mvnRepository\com\auth0\java-jwt\3.8.3\java-jwt-3.8.3.jar;F:\My_Work\apache-maven-3.3.9\mvnRepository\com\fasterxml\jackson\core\jackson-databind\2.9.8\jackson-databind-2.9.8.jar;F:\My_Work\apache-maven-3.3.9\mvnRepository\com\fasterxml\jackson\core\jackson-annotations\2.9.0\jackson-annotations-2.9.0.jar;F:\My_Work\apache-maven-3.3.9\mvnRepository\commons-codec\commons-codec\1.11\commons-codec-1.11.jar;"/>
    <property name="java.vm.vendor" value="Oracle Corporation"/>
    <property name="sun.arch.data.model" value="64"/>
    <property name="user.variant" value=""/>
    <property name="java.vendor.url" value="http://java.oracle.com/"/>
    <property name="user.timezone" value="Asia/Shanghai"/>
    <property name="java.vm.specification.version" value="1.8"/>
    <property name="os.name" value="Windows 10"/>
    <property name="user.country" value="CN"/>
    <property name="sun.java.launcher" value="SUN_STANDARD"/>
    <property name="sun.boot.library.path" value="F:\Java\jdk-1.8\jre\bin"/>
    <property name="sun.java.command" value="C:\Users\yuwen\AppData\Local\Temp\surefire66777238162301948\surefirebooter7125200487588962142.jar C:\Users\yuwen\AppData\Local\Temp\surefire66777238162301948 2020-01-14T15-03-40_937-jvmRun1 surefire7999671043503569199tmp surefire_07385090927502105963tmp"/>
    <property name="surefire.test.class.path" value="E:\PersonalWork\JeeSpringBoot\target\test-classes;E:\PersonalWork\JeeSpringBoot\target\classes;F:\My_Work\apache-maven-3.3.9\mvnRepository\org\apache\shiro\shiro-spring\1.4.1\shiro-spring-1.4.1.jar;F:\My_Work\apache-maven-3.3.9\mvnRepository\org\apache\shiro\shiro-core\1.4.1\shiro-core-1.4.1.jar;F:\My_Work\apache-maven-3.3.9\mvnRepository\org\apache\shiro\shiro-lang\1.4.1\shiro-lang-1.4.1.jar;F:\My_Work\apache-maven-3.3.9\mvnRepository\org\apache\shiro\shiro-cache\1.4.1\shiro-cache-1.4.1.jar;F:\My_Work\apache-maven-3.3.9\mvnRepository\org\apache\shiro\shiro-crypto-hash\1.4.1\shiro-crypto-hash-1.4.1.jar;F:\My_Work\apache-maven-3.3.9\mvnRepository\org\apache\shiro\shiro-crypto-core\1.4.1\shiro-crypto-core-1.4.1.jar;F:\My_Work\apache-maven-3.3.9\mvnRepository\org\apache\shiro\shiro-crypto-cipher\1.4.1\shiro-crypto-cipher-1.4.1.jar;F:\My_Work\apache-maven-3.3.9\mvnRepository\org\apache\shiro\shiro-config-core\1.4.1\shiro-config-core-1.4.1.jar;F:\My_Work\apache-maven-3.3.9\mvnRepository\org\apache\shiro\shiro-config-ogdl\1.4.1\shiro-config-ogdl-1.4.1.jar;F:\My_Work\apache-maven-3.3.9\mvnRepository\commons-beanutils\commons-beanutils\1.9.3\commons-beanutils-1.9.3.jar;F:\My_Work\apache-maven-3.3.9\mvnRepository\commons-collections\commons-collections\3.2.2\commons-collections-3.2.2.jar;F:\My_Work\apache-maven-3.3.9\mvnRepository\org\apache\shiro\shiro-event\1.4.1\shiro-event-1.4.1.jar;F:\My_Work\apache-maven-3.3.9\mvnRepository\org\apache\shiro\shiro-web\1.4.1\shiro-web-1.4.1.jar;F:\My_Work\apache-maven-3.3.9\mvnRepository\org\springframework\boot\spring-boot-starter-web\2.1.3.RELEASE\spring-boot-starter-web-2.1.3.RELEASE.jar;F:\My_Work\apache-maven-3.3.9\mvnRepository\org\springframework\boot\spring-boot-starter\2.1.3.RELEASE\spring-boot-starter-2.1.3.RELEASE.jar;F:\My_Work\apache-maven-3.3.9\mvnRepository\org\springframework\boot\spring-boot-starter-logging\2.1.3.RELEASE\spring-boot-starter-logging-2.1.3.RELEASE.jar;F:\My_Work\apache-maven-3.3.9\mvnRepository\ch\qos\logback\logback-classic\1.2.3\logback-classic-1.2.3.jar;F:\My_Work\apache-maven-3.3.9\mvnRepository\ch\qos\logback\logback-core\1.2.3\logback-core-1.2.3.jar;F:\My_Work\apache-maven-3.3.9\mvnRepository\org\apache\logging\log4j\log4j-to-slf4j\2.11.2\log4j-to-slf4j-2.11.2.jar;F:\My_Work\apache-maven-3.3.9\mvnRepository\org\apache\logging\log4j\log4j-api\2.11.2\log4j-api-2.11.2.jar;F:\My_Work\apache-maven-3.3.9\mvnRepository\org\slf4j\jul-to-slf4j\1.7.25\jul-to-slf4j-1.7.25.jar;F:\My_Work\apache-maven-3.3.9\mvnRepository\org\yaml\snakeyaml\1.23\snakeyaml-1.23.jar;F:\My_Work\apache-maven-3.3.9\mvnRepository\org\springframework\boot\spring-boot-starter-json\2.1.3.RELEASE\spring-boot-starter-json-2.1.3.RELEASE.jar;F:\My_Work\apache-maven-3.3.9\mvnRepository\com\fasterxml\jackson\datatype\jackson-datatype-jdk8\2.9.8\jackson-datatype-jdk8-2.9.8.jar;F:\My_Work\apache-maven-3.3.9\mvnRepository\com\fasterxml\jackson\datatype\jackson-datatype-jsr310\2.9.8\jackson-datatype-jsr310-2.9.8.jar;F:\My_Work\apache-maven-3.3.9\mvnRepository\com\fasterxml\jackson\module\jackson-module-parameter-names\2.9.8\jackson-module-parameter-names-2.9.8.jar;F:\My_Work\apache-maven-3.3.9\mvnRepository\org\hibernate\validator\hibernate-validator\6.0.14.Final\hibernate-validator-6.0.14.Final.jar;F:\My_Work\apache-maven-3.3.9\mvnRepository\javax\validation\validation-api\2.0.1.Final\validation-api-2.0.1.Final.jar;F:\My_Work\apache-maven-3.3.9\mvnRepository\org\jboss\logging\jboss-logging\3.3.2.Final\jboss-logging-3.3.2.Final.jar;F:\My_Work\apache-maven-3.3.9\mvnRepository\com\fasterxml\classmate\1.4.0\classmate-1.4.0.jar;F:\My_Work\apache-maven-3.3.9\mvnRepository\org\springframework\spring-web\5.1.5.RELEASE\spring-web-5.1.5.RELEASE.jar;F:\My_Work\apache-maven-3.3.9\mvnRepository\org\springframework\spring-beans\5.1.5.RELEASE\spring-beans-5.1.5.RELEASE.jar;F:\My_Work\apache-maven-3.3.9\mvnRepository\org\springframework\spring-webmvc\5.1.5.RELEASE\spring-webmvc-5.1.5.RELEASE.jar;F:\My_Work\apache-maven-3.3.9\mvnRepository\org\springframework\spring-aop\5.1.5.RELEASE\spring-aop-5.1.5.RELEASE.jar;F:\My_Work\apache-maven-3.3.9\mvnRepository\org\springframework\spring-context\5.1.5.RELEASE\spring-context-5.1.5.RELEASE.jar;F:\My_Work\apache-maven-3.3.9\mvnRepository\org\springframework\spring-expression\5.1.5.RELEASE\spring-expression-5.1.5.RELEASE.jar;F:\My_Work\apache-maven-3.3.9\mvnRepository\org\springframework\boot\spring-boot-starter-tomcat\2.1.3.RELEASE\spring-boot-starter-tomcat-2.1.3.RELEASE.jar;F:\My_Work\apache-maven-3.3.9\mvnRepository\javax\annotation\javax.annotation-api\1.3.2\javax.annotation-api-1.3.2.jar;F:\My_Work\apache-maven-3.3.9\mvnRepository\org\apache\tomcat\embed\tomcat-embed-core\9.0.16\tomcat-embed-core-9.0.16.jar;F:\My_Work\apache-maven-3.3.9\mvnRepository\org\apache\tomcat\embed\tomcat-embed-el\9.0.16\tomcat-embed-el-9.0.16.jar;F:\My_Work\apache-maven-3.3.9\mvnRepository\org\apache\tomcat\embed\tomcat-embed-websocket\9.0.16\tomcat-embed-websocket-9.0.16.jar;F:\My_Work\apache-maven-3.3.9\mvnRepository\org\springframework\boot\spring-boot-devtools\2.1.3.RELEASE\spring-boot-devtools-2.1.3.RELEASE.jar;F:\My_Work\apache-maven-3.3.9\mvnRepository\org\springframework\boot\spring-boot\2.1.3.RELEASE\spring-boot-2.1.3.RELEASE.jar;F:\My_Work\apache-maven-3.3.9\mvnRepository\org\springframework\boot\spring-boot-autoconfigure\2.1.3.RELEASE\spring-boot-autoconfigure-2.1.3.RELEASE.jar;F:\My_Work\apache-maven-3.3.9\mvnRepository\org\springframework\boot\spring-boot-starter-data-jpa\2.1.3.RELEASE\spring-boot-starter-data-jpa-2.1.3.RELEASE.jar;F:\My_Work\apache-maven-3.3.9\mvnRepository\org\springframework\boot\spring-boot-starter-aop\2.1.3.RELEASE\spring-boot-starter-aop-2.1.3.RELEASE.jar;F:\My_Work\apache-maven-3.3.9\mvnRepository\org\aspectj\aspectjweaver\1.9.2\aspectjweaver-1.9.2.jar;F:\My_Work\apache-maven-3.3.9\mvnRepository\org\springframework\boot\spring-boot-starter-jdbc\2.1.3.RELEASE\spring-boot-starter-jdbc-2.1.3.RELEASE.jar;F:\My_Work\apache-maven-3.3.9\mvnRepository\com\zaxxer\HikariCP\3.2.0\HikariCP-3.2.0.jar;F:\My_Work\apache-maven-3.3.9\mvnRepository\org\springframework\spring-jdbc\5.1.5.RELEASE\spring-jdbc-5.1.5.RELEASE.jar;F:\My_Work\apache-maven-3.3.9\mvnRepository\javax\transaction\javax.transaction-api\1.3\javax.transaction-api-1.3.jar;F:\My_Work\apache-maven-3.3.9\mvnRepository\javax\xml\bind\jaxb-api\2.3.1\jaxb-api-2.3.1.jar;F:\My_Work\apache-maven-3.3.9\mvnRepository\javax\activation\javax.activation-api\1.2.0\javax.activation-api-1.2.0.jar;F:\My_Work\apache-maven-3.3.9\mvnRepository\org\hibernate\hibernate-core\5.3.7.Final\hibernate-core-5.3.7.Final.jar;F:\My_Work\apache-maven-3.3.9\mvnRepository\javax\persistence\javax.persistence-api\2.2\javax.persistence-api-2.2.jar;F:\My_Work\apache-maven-3.3.9\mvnRepository\org\javassist\javassist\3.23.1-GA\javassist-3.23.1-GA.jar;F:\My_Work\apache-maven-3.3.9\mvnRepository\net\bytebuddy\byte-buddy\1.9.10\byte-buddy-1.9.10.jar;F:\My_Work\apache-maven-3.3.9\mvnRepository\antlr\antlr\2.7.7\antlr-2.7.7.jar;F:\My_Work\apache-maven-3.3.9\mvnRepository\org\jboss\jandex\2.0.5.Final\jandex-2.0.5.Final.jar;F:\My_Work\apache-maven-3.3.9\mvnRepository\org\dom4j\dom4j\2.1.1\dom4j-2.1.1.jar;F:\My_Work\apache-maven-3.3.9\mvnRepository\org\hibernate\common\hibernate-commons-annotations\5.0.4.Final\hibernate-commons-annotations-5.0.4.Final.jar;F:\My_Work\apache-maven-3.3.9\mvnRepository\org\springframework\data\spring-data-jpa\2.1.5.RELEASE\spring-data-jpa-2.1.5.RELEASE.jar;F:\My_Work\apache-maven-3.3.9\mvnRepository\org\springframework\data\spring-data-commons\2.1.5.RELEASE\spring-data-commons-2.1.5.RELEASE.jar;F:\My_Work\apache-maven-3.3.9\mvnRepository\org\springframework\spring-orm\5.1.5.RELEASE\spring-orm-5.1.5.RELEASE.jar;F:\My_Work\apache-maven-3.3.9\mvnRepository\org\springframework\spring-tx\5.1.5.RELEASE\spring-tx-5.1.5.RELEASE.jar;F:\My_Work\apache-maven-3.3.9\mvnRepository\org\slf4j\slf4j-api\1.7.25\slf4j-api-1.7.25.jar;F:\My_Work\apache-maven-3.3.9\mvnRepository\org\springframework\spring-aspects\5.1.5.RELEASE\spring-aspects-5.1.5.RELEASE.jar;F:\My_Work\apache-maven-3.3.9\mvnRepository\org\springframework\boot\spring-boot-starter-data-redis\2.1.3.RELEASE\spring-boot-starter-data-redis-2.1.3.RELEASE.jar;F:\My_Work\apache-maven-3.3.9\mvnRepository\org\springframework\data\spring-data-redis\2.1.5.RELEASE\spring-data-redis-2.1.5.RELEASE.jar;F:\My_Work\apache-maven-3.3.9\mvnRepository\org\springframework\data\spring-data-keyvalue\2.1.5.RELEASE\spring-data-keyvalue-2.1.5.RELEASE.jar;F:\My_Work\apache-maven-3.3.9\mvnRepository\org\springframework\spring-oxm\5.1.5.RELEASE\spring-oxm-5.1.5.RELEASE.jar;F:\My_Work\apache-maven-3.3.9\mvnRepository\org\springframework\spring-context-support\5.1.5.RELEASE\spring-context-support-5.1.5.RELEASE.jar;F:\My_Work\apache-maven-3.3.9\mvnRepository\io\lettuce\lettuce-core\5.1.4.RELEASE\lettuce-core-5.1.4.RELEASE.jar;F:\My_Work\apache-maven-3.3.9\mvnRepository\io\netty\netty-common\4.1.33.Final\netty-common-4.1.33.Final.jar;F:\My_Work\apache-maven-3.3.9\mvnRepository\io\netty\netty-handler\4.1.33.Final\netty-handler-4.1.33.Final.jar;F:\My_Work\apache-maven-3.3.9\mvnRepository\io\netty\netty-buffer\4.1.33.Final\netty-buffer-4.1.33.Final.jar;F:\My_Work\apache-maven-3.3.9\mvnRepository\io\netty\netty-codec\4.1.33.Final\netty-codec-4.1.33.Final.jar;F:\My_Work\apache-maven-3.3.9\mvnRepository\io\netty\netty-transport\4.1.33.Final\netty-transport-4.1.33.Final.jar;F:\My_Work\apache-maven-3.3.9\mvnRepository\io\netty\netty-resolver\4.1.33.Final\netty-resolver-4.1.33.Final.jar;F:\My_Work\apache-maven-3.3.9\mvnRepository\io\projectreactor\reactor-core\3.2.6.RELEASE\reactor-core-3.2.6.RELEASE.jar;F:\My_Work\apache-maven-3.3.9\mvnRepository\org\reactivestreams\reactive-streams\1.0.2\reactive-streams-1.0.2.jar;F:\My_Work\apache-maven-3.3.9\mvnRepository\org\springframework\boot\spring-boot-starter-test\2.1.3.RELEASE\spring-boot-starter-test-2.1.3.RELEASE.jar;F:\My_Work\apache-maven-3.3.9\mvnRepository\org\springframework\boot\spring-boot-test\2.1.3.RELEASE\spring-boot-test-2.1.3.RELEASE.jar;F:\My_Work\apache-maven-3.3.9\mvnRepository\org\springframework\boot\spring-boot-test-autoconfigure\2.1.3.RELEASE\spring-boot-test-autoconfigure-2.1.3.RELEASE.jar;F:\My_Work\apache-maven-3.3.9\mvnRepository\com\jayway\jsonpath\json-path\2.4.0\json-path-2.4.0.jar;F:\My_Work\apache-maven-3.3.9\mvnRepository\net\minidev\json-smart\2.3\json-smart-2.3.jar;F:\My_Work\apache-maven-3.3.9\mvnRepository\net\minidev\accessors-smart\1.2\accessors-smart-1.2.jar;F:\My_Work\apache-maven-3.3.9\mvnRepository\org\ow2\asm\asm\5.0.4\asm-5.0.4.jar;F:\My_Work\apache-maven-3.3.9\mvnRepository\org\assertj\assertj-core\3.11.1\assertj-core-3.11.1.jar;F:\My_Work\apache-maven-3.3.9\mvnRepository\org\mockito\mockito-core\2.23.4\mockito-core-2.23.4.jar;F:\My_Work\apache-maven-3.3.9\mvnRepository\net\bytebuddy\byte-buddy-agent\1.9.10\byte-buddy-agent-1.9.10.jar;F:\My_Work\apache-maven-3.3.9\mvnRepository\org\objenesis\objenesis\2.6\objenesis-2.6.jar;F:\My_Work\apache-maven-3.3.9\mvnRepository\org\hamcrest\hamcrest-core\1.3\hamcrest-core-1.3.jar;F:\My_Work\apache-maven-3.3.9\mvnRepository\org\hamcrest\hamcrest-library\1.3\hamcrest-library-1.3.jar;F:\My_Work\apache-maven-3.3.9\mvnRepository\org\skyscreamer\jsonassert\1.5.0\jsonassert-1.5.0.jar;F:\My_Work\apache-maven-3.3.9\mvnRepository\com\vaadin\external\google\android-json\0.0.20131108.vaadin1\android-json-0.0.20131108.vaadin1.jar;F:\My_Work\apache-maven-3.3.9\mvnRepository\org\springframework\spring-core\5.1.5.RELEASE\spring-core-5.1.5.RELEASE.jar;F:\My_Work\apache-maven-3.3.9\mvnRepository\org\springframework\spring-jcl\5.1.5.RELEASE\spring-jcl-5.1.5.RELEASE.jar;F:\My_Work\apache-maven-3.3.9\mvnRepository\org\springframework\spring-test\5.1.5.RELEASE\spring-test-5.1.5.RELEASE.jar;F:\My_Work\apache-maven-3.3.9\mvnRepository\org\xmlunit\xmlunit-core\2.6.2\xmlunit-core-2.6.2.jar;F:\My_Work\apache-maven-3.3.9\mvnRepository\org\springframework\boot\spring-boot-starter-thymeleaf\2.1.3.RELEASE\spring-boot-starter-thymeleaf-2.1.3.RELEASE.jar;F:\My_Work\apache-maven-3.3.9\mvnRepository\org\thymeleaf\thymeleaf-spring5\3.0.11.RELEASE\thymeleaf-spring5-3.0.11.RELEASE.jar;F:\My_Work\apache-maven-3.3.9\mvnRepository\org\thymeleaf\thymeleaf\3.0.11.RELEASE\thymeleaf-3.0.11.RELEASE.jar;F:\My_Work\apache-maven-3.3.9\mvnRepository\org\attoparser\attoparser\2.0.5.RELEASE\attoparser-2.0.5.RELEASE.jar;F:\My_Work\apache-maven-3.3.9\mvnRepository\org\unbescape\unbescape\1.1.6.RELEASE\unbescape-1.1.6.RELEASE.jar;F:\My_Work\apache-maven-3.3.9\mvnRepository\org\thymeleaf\extras\thymeleaf-extras-java8time\3.0.3.RELEASE\thymeleaf-extras-java8time-3.0.3.RELEASE.jar;F:\My_Work\apache-maven-3.3.9\mvnRepository\org\springframework\boot\spring-boot-starter-data-elasticsearch\2.1.3.RELEASE\spring-boot-starter-data-elasticsearch-2.1.3.RELEASE.jar;F:\My_Work\apache-maven-3.3.9\mvnRepository\org\springframework\data\spring-data-elasticsearch\3.1.5.RELEASE\spring-data-elasticsearch-3.1.5.RELEASE.jar;F:\My_Work\apache-maven-3.3.9\mvnRepository\joda-time\joda-time\2.10.1\joda-time-2.10.1.jar;F:\My_Work\apache-maven-3.3.9\mvnRepository\org\elasticsearch\client\transport\6.4.3\transport-6.4.3.jar;F:\My_Work\apache-maven-3.3.9\mvnRepository\org\elasticsearch\elasticsearch\6.4.3\elasticsearch-6.4.3.jar;F:\My_Work\apache-maven-3.3.9\mvnRepository\org\elasticsearch\elasticsearch-core\6.4.3\elasticsearch-core-6.4.3.jar;F:\My_Work\apache-maven-3.3.9\mvnRepository\org\elasticsearch\elasticsearch-secure-sm\6.4.3\elasticsearch-secure-sm-6.4.3.jar;F:\My_Work\apache-maven-3.3.9\mvnRepository\org\elasticsearch\elasticsearch-x-content\6.4.3\elasticsearch-x-content-6.4.3.jar;F:\My_Work\apache-maven-3.3.9\mvnRepository\com\fasterxml\jackson\dataformat\jackson-dataformat-smile\2.9.8\jackson-dataformat-smile-2.9.8.jar;F:\My_Work\apache-maven-3.3.9\mvnRepository\com\fasterxml\jackson\dataformat\jackson-dataformat-yaml\2.9.8\jackson-dataformat-yaml-2.9.8.jar;F:\My_Work\apache-maven-3.3.9\mvnRepository\com\fasterxml\jackson\dataformat\jackson-dataformat-cbor\2.9.8\jackson-dataformat-cbor-2.9.8.jar;F:\My_Work\apache-maven-3.3.9\mvnRepository\org\apache\lucene\lucene-core\7.4.0\lucene-core-7.4.0.jar;F:\My_Work\apache-maven-3.3.9\mvnRepository\org\apache\lucene\lucene-analyzers-common\7.4.0\lucene-analyzers-common-7.4.0.jar;F:\My_Work\apache-maven-3.3.9\mvnRepository\org\apache\lucene\lucene-backward-codecs\7.4.0\lucene-backward-codecs-7.4.0.jar;F:\My_Work\apache-maven-3.3.9\mvnRepository\org\apache\lucene\lucene-grouping\7.4.0\lucene-grouping-7.4.0.jar;F:\My_Work\apache-maven-3.3.9\mvnRepository\org\apache\lucene\lucene-highlighter\7.4.0\lucene-highlighter-7.4.0.jar;F:\My_Work\apache-maven-3.3.9\mvnRepository\org\apache\lucene\lucene-join\7.4.0\lucene-join-7.4.0.jar;F:\My_Work\apache-maven-3.3.9\mvnRepository\org\apache\lucene\lucene-memory\7.4.0\lucene-memory-7.4.0.jar;F:\My_Work\apache-maven-3.3.9\mvnRepository\org\apache\lucene\lucene-misc\7.4.0\lucene-misc-7.4.0.jar;F:\My_Work\apache-maven-3.3.9\mvnRepository\org\apache\lucene\lucene-queries\7.4.0\lucene-queries-7.4.0.jar;F:\My_Work\apache-maven-3.3.9\mvnRepository\org\apache\lucene\lucene-queryparser\7.4.0\lucene-queryparser-7.4.0.jar;F:\My_Work\apache-maven-3.3.9\mvnRepository\org\apache\lucene\lucene-sandbox\7.4.0\lucene-sandbox-7.4.0.jar;F:\My_Work\apache-maven-3.3.9\mvnRepository\org\apache\lucene\lucene-spatial\7.4.0\lucene-spatial-7.4.0.jar;F:\My_Work\apache-maven-3.3.9\mvnRepository\org\apache\lucene\lucene-spatial-extras\7.4.0\lucene-spatial-extras-7.4.0.jar;F:\My_Work\apache-maven-3.3.9\mvnRepository\org\apache\lucene\lucene-spatial3d\7.4.0\lucene-spatial3d-7.4.0.jar;F:\My_Work\apache-maven-3.3.9\mvnRepository\org\apache\lucene\lucene-suggest\7.4.0\lucene-suggest-7.4.0.jar;F:\My_Work\apache-maven-3.3.9\mvnRepository\org\elasticsearch\elasticsearch-cli\6.4.3\elasticsearch-cli-6.4.3.jar;F:\My_Work\apache-maven-3.3.9\mvnRepository\net\sf\jopt-simple\jopt-simple\5.0.2\jopt-simple-5.0.2.jar;F:\My_Work\apache-maven-3.3.9\mvnRepository\com\carrotsearch\hppc\0.7.1\hppc-0.7.1.jar;F:\My_Work\apache-maven-3.3.9\mvnRepository\com\tdunning\t-digest\3.2\t-digest-3.2.jar;F:\My_Work\apache-maven-3.3.9\mvnRepository\org\hdrhistogram\HdrHistogram\2.1.9\HdrHistogram-2.1.9.jar;F:\My_Work\apache-maven-3.3.9\mvnRepository\org\elasticsearch\jna\4.5.1\jna-4.5.1.jar;F:\My_Work\apache-maven-3.3.9\mvnRepository\org\elasticsearch\plugin\reindex-client\6.4.3\reindex-client-6.4.3.jar;F:\My_Work\apache-maven-3.3.9\mvnRepository\org\elasticsearch\client\elasticsearch-rest-client\6.4.3\elasticsearch-rest-client-6.4.3.jar;F:\My_Work\apache-maven-3.3.9\mvnRepository\org\apache\httpcomponents\httpclient\4.5.7\httpclient-4.5.7.jar;F:\My_Work\apache-maven-3.3.9\mvnRepository\org\apache\httpcomponents\httpcore\4.4.11\httpcore-4.4.11.jar;F:\My_Work\apache-maven-3.3.9\mvnRepository\org\apache\httpcomponents\httpasyncclient\4.1.4\httpasyncclient-4.1.4.jar;F:\My_Work\apache-maven-3.3.9\mvnRepository\org\apache\httpcomponents\httpcore-nio\4.4.11\httpcore-nio-4.4.11.jar;F:\My_Work\apache-maven-3.3.9\mvnRepository\org\elasticsearch\plugin\lang-mustache-client\6.4.3\lang-mustache-client-6.4.3.jar;F:\My_Work\apache-maven-3.3.9\mvnRepository\com\github\spullara\mustache\java\compiler\0.9.3\compiler-0.9.3.jar;F:\My_Work\apache-maven-3.3.9\mvnRepository\org\elasticsearch\plugin\percolator-client\6.4.3\percolator-client-6.4.3.jar;F:\My_Work\apache-maven-3.3.9\mvnRepository\org\elasticsearch\plugin\parent-join-client\6.4.3\parent-join-client-6.4.3.jar;F:\My_Work\apache-maven-3.3.9\mvnRepository\org\elasticsearch\plugin\rank-eval-client\6.4.3\rank-eval-client-6.4.3.jar;F:\My_Work\apache-maven-3.3.9\mvnRepository\com\fasterxml\jackson\core\jackson-core\2.9.8\jackson-core-2.9.8.jar;F:\My_Work\apache-maven-3.3.9\mvnRepository\org\elasticsearch\plugin\transport-netty4-client\6.4.3\transport-netty4-client-6.4.3.jar;F:\My_Work\apache-maven-3.3.9\mvnRepository\io\netty\netty-codec-http\4.1.33.Final\netty-codec-http-4.1.33.Final.jar;F:\My_Work\apache-maven-3.3.9\mvnRepository\com\sun\jna\jna\3.0.9\jna-3.0.9.jar;F:\My_Work\apache-maven-3.3.9\mvnRepository\net\sourceforge\nekohtml\nekohtml\1.9.22\nekohtml-1.9.22.jar;F:\My_Work\apache-maven-3.3.9\mvnRepository\xerces\xercesImpl\2.11.0\xercesImpl-2.11.0.jar;F:\My_Work\apache-maven-3.3.9\mvnRepository\xml-apis\xml-apis\1.4.01\xml-apis-1.4.01.jar;F:\My_Work\apache-maven-3.3.9\mvnRepository\junit\junit\4.12\junit-4.12.jar;F:\My_Work\apache-maven-3.3.9\mvnRepository\org\apache\tomcat\embed\tomcat-embed-jasper\8.5.23\tomcat-embed-jasper-8.5.23.jar;F:\My_Work\apache-maven-3.3.9\mvnRepository\org\eclipse\jdt\ecj\3.12.3\ecj-3.12.3.jar;F:\My_Work\apache-maven-3.3.9\mvnRepository\mysql\mysql-connector-java\8.0.13\mysql-connector-java-8.0.13.jar;F:\My_Work\apache-maven-3.3.9\mvnRepository\commons-lang\commons-lang\2.6\commons-lang-2.6.jar;F:\My_Work\apache-maven-3.3.9\mvnRepository\org\hsqldb\hsqldb\2.4.1\hsqldb-2.4.1.jar;F:\My_Work\apache-maven-3.3.9\mvnRepository\com\alibaba\fastjson\1.2.41\fastjson-1.2.41.jar;F:\My_Work\apache-maven-3.3.9\mvnRepository\com\auth0\java-jwt\3.8.3\java-jwt-3.8.3.jar;F:\My_Work\apache-maven-3.3.9\mvnRepository\com\fasterxml\jackson\core\jackson-databind\2.9.8\jackson-databind-2.9.8.jar;F:\My_Work\apache-maven-3.3.9\mvnRepository\com\fasterxml\jackson\core\jackson-annotations\2.9.0\jackson-annotations-2.9.0.jar;F:\My_Work\apache-maven-3.3.9\mvnRepository\commons-codec\commons-codec\1.11\commons-codec-1.11.jar;"/>
    <property name="sun.cpu.endian" value="little"/>
    <property name="user.home" value="C:\Users\yuwen"/>
    <property name="user.language" value="zh"/>
    <property name="java.specification.vendor" value="Oracle Corporation"/>
    <property name="java.home" value="F:\Java\jdk-1.8\jre"/>
    <property name="basedir" value="E:\PersonalWork\JeeSpringBoot"/>
    <property name="file.separator" value="\"/>
    <property name="line.separator" value="&#10;"/>
    <property name="java.vm.specification.vendor" value="Oracle Corporation"/>
    <property name="java.specification.name" value="Java Platform API Specification"/>
    <property name="java.awt.graphicsenv" value="sun.awt.Win32GraphicsEnvironment"/>
    <property name="surefire.real.class.path" value="C:\Users\yuwen\AppData\Local\Temp\surefire66777238162301948\surefirebooter7125200487588962142.jar"/>
    <property name="sun.boot.class.path" value="F:\Java\jdk-1.8\jre\lib\resources.jar;F:\Java\jdk-1.8\jre\lib\rt.jar;F:\Java\jdk-1.8\jre\lib\sunrsasign.jar;F:\Java\jdk-1.8\jre\lib\jsse.jar;F:\Java\jdk-1.8\jre\lib\jce.jar;F:\Java\jdk-1.8\jre\lib\charsets.jar;F:\Java\jdk-1.8\jre\lib\jfr.jar;F:\Java\jdk-1.8\jre\classes"/>
    <property name="user.script" value=""/>
    <property name="sun.management.compiler" value="HotSpot 64-Bit Tiered Compilers"/>
    <property name="java.runtime.version" value="1.8.0_131-b11"/>
    <property name="user.name" value="yuwen"/>
    <property name="path.separator" value=";"/>
    <property name="os.version" value="10.0"/>
    <property name="java.endorsed.dirs" value="F:\Java\jdk-1.8\jre\lib\endorsed"/>
    <property name="java.runtime.name" value="Java(TM) SE Runtime Environment"/>
    <property name="file.encoding" value="GBK"/>
    <property name="java.vm.name" value="Java HotSpot(TM) 64-Bit Server VM"/>
    <property name="localRepository" value="F:\My_Work\apache-maven-3.3.9\mvnRepository"/>
    <property name="java.vendor.url.bug" value="http://bugreport.sun.com/bugreport/"/>
    <property name="java.io.tmpdir" value="C:\Users\yuwen\AppData\Local\Temp\"/>
    <property name="java.version" value="1.8.0_131"/>
    <property name="user.dir" value="E:\PersonalWork\JeeSpringBoot"/>
    <property name="os.arch" value="amd64"/>
    <property name="java.vm.specification.name" value="Java Virtual Machine Specification"/>
    <property name="java.awt.printerjob" value="sun.awt.windows.WPrinterJob"/>
    <property name="sun.os.patch.level" value=""/>
    <property name="java.library.path" value="F:\Java\jdk-1.8\jre\bin;C:\WINDOWS\Sun\Java\bin;C:\WINDOWS\system32;C:\WINDOWS;E:\Linux\LinuxTools\SecureCRT\Install\;F:\app\yuwb\product\11.2.0\dbhome_1\bin;F:\app\yuwb\product\11.2.0\client_1\bin;C:\ProgramData\Oracle\Java\javapath;C:\WINDOWS\system32;C:\WINDOWS;C:\WINDOWS\System32\Wbem;C:\WINDOWS\System32\WindowsPowerShell\v1.0\;F:\Java\jdk-1.8\bin;F:\Tools\Maven\apache-maven-3.3.9\bin;E:\Theme\MacType\Install;C:\Program Files\MySQL\MySQL Server 8.0\bin;D:\MongoDB\Install\bin;C:\WINDOWS\System32\OpenSSH\;D:\PyCharmIDE\python\python-3.7;F:\Tools\Git\Install\cmd;F:\Microsoft SQL Server\x86\140\Tools\Binn\;F:\Microsoft SQL Server\Share\140\Tools\Binn\;F:\Microsoft SQL Server\x86\140\DTS\Binn\;F:\Microsoft SQL Server\Share\140\DTS\Binn\;F:\Microsoft SQL Server\Share\Client SDK\ODBC\130\Tools\Binn\;F:\Microsoft SQL Server\x86\150\DTS\Binn\;f:\Microsoft SQL Server\Share\130\Tools\Binn\;F:\Microsoft SQL Server\Share\Client SDK\ODBC\170\Tools\Binn\;C:\ProgramData\chocolatey\bin;F:\Tools\NodeJs\install\;F:\Tools\TortoiseGit\Install\bin;F:\Tools\SVN\Install\bin;D:\PyCharmIDE\python\python-3.7\Scripts\;D:\PyCharmIDE\python\python-3.7\;C:\Users\yuwen\AppData\Local\Microsoft\WindowsApps;%IntelliJ IDEA%;C:\Users\yuwen\AppData\Roaming\npm;;."/>
    <property name="java.vm.info" value="mixed mode"/>
    <property name="java.vendor" value="Oracle Corporation"/>
    <property name="java.vm.version" value="25.131-b11"/>
    <property name="java.ext.dirs" value="F:\Java\jdk-1.8\jre\lib\ext;C:\WINDOWS\Sun\Java\lib\ext"/>
    <property name="sun.io.unicode.encoding" value="UnicodeLittle"/>
    <property name="java.class.version" value="52.0"/>
  </properties>
  <testcase name="initializationError" classname="com.springboot.SpringBootDemo.SpringBootDemoApplicationTests" time="0.005">
    <error message="The class com.springboot.SpringBootDemo.SpringBootDemoApplicationTests is not public." type="java.lang.Exception">java.lang.Exception: The class com.springboot.SpringBootDemo.SpringBootDemoApplicationTests is not public.
</error>
  </testcase>
  <testcase name="initializationError" classname="com.springboot.SpringBootDemo.SpringBootDemoApplicationTests" time="0">
    <error message="Test class should have exactly one public constructor" type="java.lang.Exception">java.lang.Exception: Test class should have exactly one public constructor
</error>
  </testcase>
  <testcase name="initializationError" classname="com.springboot.SpringBootDemo.SpringBootDemoApplicationTests" time="0">
    <error message="Method contextLoads() should be public" type="java.lang.Exception">java.lang.Exception: Method contextLoads() should be public
</error>
  </testcase>
</testsuite>